[2025-07-07 19:52:01]
Scanning for WiFi
IN-USE  BSSID              SSID                   MODE   CHAN  RATE        SIGNAL  BARS  SECURITY
*       72:5A:5C:88:75:30  motorola edge 30_6251  Infra  2     130 Mbit/s  45      ▂▄__  WPA2 WPA3
Connected to: motorola edge 30_6251
Connected already
-----------------------------
[2025-07-07 19:53:01]
Scanning for WiFi
IN-USE  BSSID              SSID                   MODE   CHAN  RATE        SIGNAL  BARS  SECURITY
*       72:5A:5C:88:75:30  motorola edge 30_6251  Infra  2     130 Mbit/s  47      ▂▄__  WPA2 WPA3
Connected to: motorola edge 30_6251
Connected already
-----------------------------
[2025-07-07 19:54:01]
Scanning for WiFi
IN-USE  BSSID              SSID                   MODE   CHAN  RATE        SIGNAL  BARS  SECURITY
*       72:5A:5C:88:75:30  motorola edge 30_6251  Infra  2     130 Mbit/s  45      ▂▄__  WPA2 WPA3
Connected to: motorola edge 30_6251
Connected already
-----------------------------
[2025-07-07 19:55:01]
Scanning for WiFi
IN-USE  BSSID              SSID                   MODE   CHAN  RATE        SIGNAL  BARS  SECURITY
*       72:5A:5C:88:75:30  motorola edge 30_6251  Infra  2     130 Mbit/s  44      ▂▄__  WPA2 WPA3
Connected to: motorola edge 30_6251
Connected already
-----------------------------
[2025-07-07 19:56:01]
Scanning for WiFi
IN-USE  BSSID              SSID                   MODE   CHAN  RATE        SIGNAL  BARS  SECURITY
*       72:5A:5C:88:75:30  motorola edge 30_6251  Infra  2     130 Mbit/s  45      ▂▄__  WPA2 WPA3
Connected to: motorola edge 30_6251
Connected already
-----------------------------
[2025-07-07 19:57:01]
Scanning for WiFi
IN-USE  BSSID              SSID                   MODE   CHAN  RATE        SIGNAL  BARS  SECURITY
*       72:5A:5C:88:75:30  motorola edge 30_6251  Infra  2     130 Mbit/s  44      ▂▄__  WPA2 WPA3
Connected to: motorola edge 30_6251
Connected already
-----------------------------
[2025-07-07 19:58:01]
Scanning for WiFi
IN-USE  BSSID              SSID                   MODE   CHAN  RATE        SIGNAL  BARS  SECURITY
*       72:5A:5C:88:75:30  motorola edge 30_6251  Infra  2     130 Mbit/s  45      ▂▄__  WPA2 WPA3
Connected to: motorola edge 30_6251
Connected already
-----------------------------
[2025-07-07 19:59:01]
Scanning for WiFi
IN-USE  BSSID              SSID                   MODE   CHAN  RATE        SIGNAL  BARS  SECURITY
*       72:5A:5C:88:75:30  motorola edge 30_6251  Infra  2     130 Mbit/s  45      ▂▄__  WPA2 WPA3
Connected to: motorola edge 30_6251
Connected already
-----------------------------
[2025-07-07 20:00:01]
Scanning for WiFi
IN-USE  BSSID              SSID                   MODE   CHAN  RATE        SIGNAL  BARS  SECURITY
*       72:5A:5C:88:75:30  motorola edge 30_6251  Infra  2     130 Mbit/s  44      ▂▄__  WPA2 WPA3
Connected to: motorola edge 30_6251
Connected already
-----------------------------
[2025-07-07 20:01:02]
Scanning for WiFi
IN-USE  BSSID              SSID                   MODE   CHAN  RATE        SIGNAL  BARS  SECURITY
*       72:5A:5C:88:75:30  motorola edge 30_6251  Infra  2     130 Mbit/s  44      ▂▄__  WPA2 WPA3
Connected to: motorola edge 30_6251
Connected already
-----------------------------
[2025-07-07 20:02:01]
Scanning for WiFi
IN-USE  BSSID              SSID                   MODE   CHAN  RATE        SIGNAL  BARS  SECURITY
*       72:5A:5C:88:75:30  motorola edge 30_6251  Infra  2     130 Mbit/s  50      ▂▄__  WPA2 WPA3
Connected to: motorola edge 30_6251
Connected already
-----------------------------
[2025-07-07 20:03:01]
Scanning for WiFi
IN-USE  BSSID              SSID                   MODE   CHAN  RATE        SIGNAL  BARS  SECURITY
*       72:5A:5C:88:75:30  motorola edge 30_6251  Infra  2     130 Mbit/s  47      ▂▄__  WPA2 WPA3
Connected to: motorola edge 30_6251
Connected already
-----------------------------
[2025-07-07 20:04:01]
Scanning for WiFi
IN-USE  BSSID              SSID                   MODE   CHAN  RATE        SIGNAL  BARS  SECURITY
*       72:5A:5C:88:75:30  motorola edge 30_6251  Infra  2     130 Mbit/s  45      ▂▄__  WPA2 WPA3
Connected to: motorola edge 30_6251
Connected already
-----------------------------
[2025-07-07 20:05:01]
Scanning for WiFi
IN-USE  BSSID              SSID                   MODE   CHAN  RATE        SIGNAL  BARS  SECURITY
*       72:5A:5C:88:75:30  motorola edge 30_6251  Infra  2     130 Mbit/s  42      ▂▄__  WPA2 WPA3
Connected to: motorola edge 30_6251
Connected already
-----------------------------
[2025-07-07 20:06:01]
Scanning for WiFi
IN-USE  BSSID              SSID                   MODE   CHAN  RATE        SIGNAL  BARS  SECURITY
*       72:5A:5C:88:75:30  motorola edge 30_6251  Infra  2     130 Mbit/s  44      ▂▄__  WPA2 WPA3
Connected to: motorola edge 30_6251
Connected already
-----------------------------
[2025-07-07 20:07:01]
Scanning for WiFi
IN-USE  BSSID              SSID                   MODE   CHAN  RATE        SIGNAL  BARS  SECURITY
*       72:5A:5C:88:75:30  motorola edge 30_6251  Infra  2     130 Mbit/s  47      ▂▄__  WPA2 WPA3
Connected to: motorola edge 30_6251
Connected already
-----------------------------
[2025-07-07 20:08:01]
Scanning for WiFi
IN-USE  BSSID              SSID                   MODE   CHAN  RATE        SIGNAL  BARS  SECURITY
*       72:5A:5C:88:75:30  motorola edge 30_6251  Infra  2     130 Mbit/s  47      ▂▄__  WPA2 WPA3
Connected to: motorola edge 30_6251
Connected already
-----------------------------
[2025-07-07 20:09:01]
Scanning for WiFi
IN-USE  BSSID              SSID                   MODE   CHAN  RATE        SIGNAL  BARS  SECURITY
*       72:5A:5C:88:75:30  motorola edge 30_6251  Infra  2     130 Mbit/s  37      ▂▄__  WPA2 WPA3
Connected to: motorola edge 30_6251
Connected already
-----------------------------
[2025-07-07 20:10:01]
Scanning for WiFi
IN-USE  BSSID              SSID                   MODE   CHAN  RATE        SIGNAL  BARS  SECURITY
*       72:5A:5C:88:75:30  motorola edge 30_6251  Infra  2     130 Mbit/s  45      ▂▄__  WPA2 WPA3
Connected to: motorola edge 30_6251
Connected already
-----------------------------
[2025-07-07 20:11:01]
Scanning for WiFi
IN-USE  BSSID              SSID                   MODE   CHAN  RATE        SIGNAL  BARS  SECURITY
*       72:5A:5C:88:75:30  motorola edge 30_6251  Infra  2     130 Mbit/s  45      ▂▄__  WPA2 WPA3
Connected to: motorola edge 30_6251
Connected already
-----------------------------
[2025-07-07 20:12:01]
Scanning for WiFi
IN-USE  BSSID              SSID                   MODE   CHAN  RATE        SIGNAL  BARS  SECURITY
*       72:5A:5C:88:75:30  motorola edge 30_6251  Infra  2     130 Mbit/s  59      ▂▄▆_  WPA2 WPA3
Connected to: motorola edge 30_6251
Connected already
-----------------------------
[2025-07-07 20:13:01]
Scanning for WiFi
IN-USE  BSSID              SSID                   MODE   CHAN  RATE        SIGNAL  BARS  SECURITY
*       72:5A:5C:88:75:30  motorola edge 30_6251  Infra  2     130 Mbit/s  49      ▂▄__  WPA2 WPA3
Connected to: motorola edge 30_6251
Connected already
-----------------------------
[2025-07-07 20:14:02]
Scanning for WiFi
IN-USE  BSSID              SSID                   MODE   CHAN  RATE        SIGNAL  BARS  SECURITY
*       72:5A:5C:88:75:30  motorola edge 30_6251  Infra  2     130 Mbit/s  52      ▂▄__  WPA2 WPA3
Connected to: motorola edge 30_6251
Connected already
-----------------------------
[2025-07-07 19:17:09]
Scanning for WiFi
Error: NetworkManager is not running.
Connected to: Error: NetworkManager is not running.
None
Not connected to motorola edge 30_6251. Trying to connect...
Failed to connect to motorola edge 30_6251.
-----------------------------
[2025-07-07 19:18:01]
Scanning for WiFi
IN-USE  BSSID  SSID  MODE  CHAN  RATE  SIGNAL  BARS  SECURITY
Connected to: None
Not connected to motorola edge 30_6251. Trying to connect...
Failed to connect to motorola edge 30_6251.
-----------------------------
[2025-07-07 19:19:01]
Scanning for WiFi
IN-USE  BSSID              SSID                          MODE   CHAN  RATE        SIGNAL  BARS  SECURITY
        AA:39:26:34:1A:0D  DIRECT-JNDESKTOP-G5BE7VKCKOA  Infra  2     135 Mbit/s  74      ▂▄▆_  WPA2
Connected to: None
Not connected to motorola edge 30_6251. Trying to connect...
Failed to connect to motorola edge 30_6251.
-----------------------------
[2025-07-07 19:20:02]
Scanning for WiFi
IN-USE  BSSID              SSID                   MODE   CHAN  RATE        SIGNAL  BARS  SECURITY
        36:74:49:B4:A6:97  motorola edge 30_6251  Infra  2     130 Mbit/s  40      ▂▄__  WPA2 WPA3
Connected to: None
Not connected to motorola edge 30_6251. Trying to connect...
Connected to motorola edge 30_6251.
-----------------------------
[2025-07-07 20:21:08]
Scanning for WiFi
IN-USE  BSSID              SSID                   MODE   CHAN  RATE        SIGNAL  BARS  SECURITY
*       3E:0E:E4:08:1D:9C  motorola edge 30_6251  Infra  2     130 Mbit/s  46      ▂▄__  WPA2 WPA3
Connected to: motorola edge 30_6251
Connected already
-----------------------------
[2025-07-07 20:22:01]
Scanning for WiFi
IN-USE  BSSID              SSID                   MODE   CHAN  RATE        SIGNAL  BARS  SECURITY
*       3E:0E:E4:08:1D:9C  motorola edge 30_6251  Infra  2     130 Mbit/s  44      ▂▄__  WPA2 WPA3
Connected to: motorola edge 30_6251
Connected already
-----------------------------
[2025-07-07 20:23:01]
Scanning for WiFi
IN-USE  BSSID              SSID                   MODE   CHAN  RATE        SIGNAL  BARS  SECURITY
*       3E:0E:E4:08:1D:9C  motorola edge 30_6251  Infra  2     130 Mbit/s  42      ▂▄__  WPA2 WPA3
Connected to: motorola edge 30_6251
Connected already
-----------------------------
[2025-07-07 20:24:01]
Scanning for WiFi
IN-USE  BSSID              SSID                   MODE   CHAN  RATE        SIGNAL  BARS  SECURITY
*       3E:0E:E4:08:1D:9C  motorola edge 30_6251  Infra  2     130 Mbit/s  47      ▂▄__  WPA2 WPA3
Connected to: motorola edge 30_6251
Connected already
-----------------------------
[2025-07-07 20:25:01]
Scanning for WiFi
IN-USE  BSSID              SSID                   MODE   CHAN  RATE        SIGNAL  BARS  SECURITY
*       3E:0E:E4:08:1D:9C  motorola edge 30_6251  Infra  2     130 Mbit/s  47      ▂▄__  WPA2 WPA3
Connected to: motorola edge 30_6251
Connected already
-----------------------------
[2025-07-07 20:26:01]
Scanning for WiFi
IN-USE  BSSID              SSID                   MODE   CHAN  RATE        SIGNAL  BARS  SECURITY
*       3E:0E:E4:08:1D:9C  motorola edge 30_6251  Infra  2     130 Mbit/s  48      ▂▄__  WPA2 WPA3
Connected to: motorola edge 30_6251
Connected already
-----------------------------
[2025-07-07 20:27:01]
Scanning for WiFi
IN-USE  BSSID              SSID                   MODE   CHAN  RATE        SIGNAL  BARS  SECURITY
*       3E:0E:E4:08:1D:9C  motorola edge 30_6251  Infra  2     130 Mbit/s  47      ▂▄__  WPA2 WPA3
Connected to: motorola edge 30_6251
Connected already
-----------------------------
[2025-07-07 20:28:01]
Scanning for WiFi
IN-USE  BSSID              SSID                   MODE   CHAN  RATE        SIGNAL  BARS  SECURITY
*       3E:0E:E4:08:1D:9C  motorola edge 30_6251  Infra  2     130 Mbit/s  49      ▂▄__  WPA2 WPA3
Connected to: motorola edge 30_6251
Connected already
-----------------------------
[2025-07-07 20:29:01]
Scanning for WiFi
IN-USE  BSSID              SSID                   MODE   CHAN  RATE        SIGNAL  BARS  SECURITY
*       3E:0E:E4:08:1D:9C  motorola edge 30_6251  Infra  2     130 Mbit/s  47      ▂▄__  WPA2 WPA3
Connected to: motorola edge 30_6251
Connected already
-----------------------------
[2025-07-07 20:30:01]
Scanning for WiFi
IN-USE  BSSID              SSID                   MODE   CHAN  RATE        SIGNAL  BARS  SECURITY
*       3E:0E:E4:08:1D:9C  motorola edge 30_6251  Infra  2     130 Mbit/s  69      ▂▄▆_  WPA2 WPA3
Connected to: motorola edge 30_6251
Connected already
-----------------------------
[2025-07-07 20:31:01]
Scanning for WiFi
IN-USE  BSSID              SSID                   MODE   CHAN  RATE        SIGNAL  BARS  SECURITY
*       3E:0E:E4:08:1D:9C  motorola edge 30_6251  Infra  2     130 Mbit/s  57      ▂▄▆_  WPA2 WPA3
Connected to: motorola edge 30_6251
Connected already
-----------------------------
[2025-07-07 20:32:01]
Scanning for WiFi
IN-USE  BSSID              SSID                   MODE   CHAN  RATE        SIGNAL  BARS  SECURITY
*       3E:0E:E4:08:1D:9C  motorola edge 30_6251  Infra  2     130 Mbit/s  56      ▂▄▆_  WPA2 WPA3
Connected to: motorola edge 30_6251
Connected already
-----------------------------
[2025-07-07 20:33:01]
Scanning for WiFi
IN-USE  BSSID              SSID                   MODE   CHAN  RATE        SIGNAL  BARS  SECURITY
*       3E:0E:E4:08:1D:9C  motorola edge 30_6251  Infra  2     130 Mbit/s  60      ▂▄▆_  WPA2 WPA3
Connected to: motorola edge 30_6251
Connected already
-----------------------------
[2025-07-07 20:34:01]
Scanning for WiFi
IN-USE  BSSID              SSID                   MODE   CHAN  RATE        SIGNAL  BARS  SECURITY
*       3E:0E:E4:08:1D:9C  motorola edge 30_6251  Infra  2     130 Mbit/s  57      ▂▄▆_  WPA2 WPA3
Connected to: motorola edge 30_6251
Connected already
-----------------------------
[2025-07-07 20:35:01]
Scanning for WiFi
IN-USE  BSSID              SSID                   MODE   CHAN  RATE        SIGNAL  BARS  SECURITY
*       3E:0E:E4:08:1D:9C  motorola edge 30_6251  Infra  2     130 Mbit/s  49      ▂▄__  WPA2 WPA3
Connected to: motorola edge 30_6251
Connected already
-----------------------------
[2025-07-07 20:36:01]
Scanning for WiFi
IN-USE  BSSID              SSID                   MODE   CHAN  RATE        SIGNAL  BARS  SECURITY
*       3E:0E:E4:08:1D:9C  motorola edge 30_6251  Infra  2     130 Mbit/s  40      ▂▄__  WPA2 WPA3
Connected to: motorola edge 30_6251
Connected already
-----------------------------
[2025-07-07 20:37:01]
Scanning for WiFi
IN-USE  BSSID              SSID                   MODE   CHAN  RATE        SIGNAL  BARS  SECURITY
*       3E:0E:E4:08:1D:9C  motorola edge 30_6251  Infra  2     130 Mbit/s  47      ▂▄__  WPA2 WPA3
Connected to: motorola edge 30_6251
Connected already
-----------------------------
[2025-07-07 20:38:01]
Scanning for WiFi
IN-USE  BSSID              SSID                   MODE   CHAN  RATE        SIGNAL  BARS  SECURITY
*       3E:0E:E4:08:1D:9C  motorola edge 30_6251  Infra  2     130 Mbit/s  45      ▂▄__  WPA2 WPA3
Connected to: motorola edge 30_6251
Connected already
-----------------------------
[2025-07-07 20:39:01]
Scanning for WiFi
IN-USE  BSSID              SSID                   MODE   CHAN  RATE        SIGNAL  BARS  SECURITY
*       3E:0E:E4:08:1D:9C  motorola edge 30_6251  Infra  2     130 Mbit/s  57      ▂▄▆_  WPA2 WPA3
Connected to: motorola edge 30_6251
Connected already
-----------------------------
[2025-07-07 20:40:01]
Scanning for WiFi
IN-USE  BSSID              SSID                   MODE   CHAN  RATE        SIGNAL  BARS  SECURITY
*       3E:0E:E4:08:1D:9C  motorola edge 30_6251  Infra  2     130 Mbit/s  50      ▂▄__  WPA2 WPA3
Connected to: motorola edge 30_6251
Connected already
-----------------------------
[2025-07-07 20:41:01]
Scanning for WiFi
IN-USE  BSSID              SSID                   MODE   CHAN  RATE        SIGNAL  BARS  SECURITY
*       3E:0E:E4:08:1D:9C  motorola edge 30_6251  Infra  2     130 Mbit/s  54      ▂▄__  WPA2 WPA3
Connected to: motorola edge 30_6251
Connected already
-----------------------------
[2025-07-07 20:42:01]
Scanning for WiFi
IN-USE  BSSID              SSID                   MODE   CHAN  RATE        SIGNAL  BARS  SECURITY
*       3E:0E:E4:08:1D:9C  motorola edge 30_6251  Infra  2     130 Mbit/s  55      ▂▄__  WPA2 WPA3
Connected to: motorola edge 30_6251
Connected already
-----------------------------
[2025-07-07 19:17:09]
Scanning for WiFi
Error: NetworkManager is not running.
Connected to: Error: NetworkManager is not running.
None
Not connected to motorola edge 30_6251. Trying to connect...
Failed to connect to motorola edge 30_6251.
-----------------------------
[2025-07-07 19:18:01]
Scanning for WiFi
IN-USE  BSSID  SSID  MODE  CHAN  RATE  SIGNAL  BARS  SECURITY
Connected to: None
Not connected to motorola edge 30_6251. Trying to connect...
Failed to connect to motorola edge 30_6251.
-----------------------------
[2025-07-07 19:19:01]
Scanning for WiFi
IN-USE  BSSID  SSID  MODE  CHAN  RATE  SIGNAL  BARS  SECURITY
Connected to: None
Not connected to motorola edge 30_6251. Trying to connect...
Failed to connect to motorola edge 30_6251.
-----------------------------
[2025-07-07 19:20:01]
Scanning for WiFi
IN-USE  BSSID  SSID  MODE  CHAN  RATE  SIGNAL  BARS  SECURITY
Connected to: None
Not connected to motorola edge 30_6251. Trying to connect...
Failed to connect to motorola edge 30_6251.
-----------------------------
[2025-07-07 19:21:01]
Scanning for WiFi
IN-USE  BSSID  SSID  MODE  CHAN  RATE  SIGNAL  BARS  SECURITY
Connected to: None
Not connected to motorola edge 30_6251. Trying to connect...
Failed to connect to motorola edge 30_6251.
-----------------------------
[2025-07-07 19:22:01]
Scanning for WiFi
IN-USE  BSSID  SSID  MODE  CHAN  RATE  SIGNAL  BARS  SECURITY
Connected to: None
Not connected to motorola edge 30_6251. Trying to connect...
Failed to connect to motorola edge 30_6251.
-----------------------------
[2025-07-07 19:23:01]
Scanning for WiFi
IN-USE  BSSID  SSID  MODE  CHAN  RATE  SIGNAL  BARS  SECURITY
Connected to: None
Not connected to motorola edge 30_6251. Trying to connect...
Failed to connect to motorola edge 30_6251.
-----------------------------
[2025-07-07 19:24:01]
Scanning for WiFi
IN-USE  BSSID  SSID  MODE  CHAN  RATE  SIGNAL  BARS  SECURITY
Connected to: None
Not connected to motorola edge 30_6251. Trying to connect...
Failed to connect to motorola edge 30_6251.
-----------------------------
[2025-07-07 19:25:01]
Scanning for WiFi
IN-USE  BSSID  SSID  MODE  CHAN  RATE  SIGNAL  BARS  SECURITY
Connected to: None
Not connected to motorola edge 30_6251. Trying to connect...
Failed to connect to motorola edge 30_6251.
-----------------------------
[2025-07-07 19:26:01]
Scanning for WiFi
IN-USE  BSSID  SSID  MODE  CHAN  RATE  SIGNAL  BARS  SECURITY
Connected to: None
Not connected to motorola edge 30_6251. Trying to connect...
Failed to connect to motorola edge 30_6251.
-----------------------------
[2025-07-07 19:27:01]
Scanning for WiFi
IN-USE  BSSID  SSID  MODE  CHAN  RATE  SIGNAL  BARS  SECURITY
Connected to: None
Not connected to motorola edge 30_6251. Trying to connect...
Failed to connect to motorola edge 30_6251.
-----------------------------
[2025-07-07 19:28:01]
Scanning for WiFi
IN-USE  BSSID  SSID  MODE  CHAN  RATE  SIGNAL  BARS  SECURITY
Connected to: None
Not connected to motorola edge 30_6251. Trying to connect...
Failed to connect to motorola edge 30_6251.
-----------------------------
[2025-07-07 19:29:01]
Scanning for WiFi
IN-USE  BSSID  SSID  MODE  CHAN  RATE  SIGNAL  BARS  SECURITY
Connected to: None
Not connected to motorola edge 30_6251. Trying to connect...
Failed to connect to motorola edge 30_6251.
-----------------------------
[2025-07-07 19:30:01]
Scanning for WiFi
IN-USE  BSSID  SSID  MODE  CHAN  RATE  SIGNAL  BARS  SECURITY
Connected to: None
Not connected to motorola edge 30_6251. Trying to connect...
Failed to connect to motorola edge 30_6251.
-----------------------------
[2025-07-07 19:31:01]
Scanning for WiFi
IN-USE  BSSID              SSID                   MODE   CHAN  RATE        SIGNAL  BARS  SECURITY
        06:F4:6D:F6:7D:A4  motorola edge 30_6251  Infra  1     130 Mbit/s  65      ▂▄▆_  WPA2 WPA3
Connected to: None
Not connected to motorola edge 30_6251. Trying to connect...
Connected to motorola edge 30_6251.
-----------------------------
[2025-07-07 19:32:01]
Scanning for WiFi
IN-USE  BSSID              SSID                          MODE   CHAN  RATE        SIGNAL  BARS  SECURITY
*       06:F4:6D:F6:7D:A4  motorola edge 30_6251         Infra  1     130 Mbit/s  64      ▂▄▆_  WPA2 WPA3
        AA:39:26:02:01:00  DIRECT-JNDESKTOP-G5BE7VKCKOA  Infra  2     135 Mbit/s  64      ▂▄▆_  WPA2
Connected to: motorola edge 30_6251
Connected already
-----------------------------
[2025-07-07 19:33:01]
Scanning for WiFi
IN-USE  BSSID              SSID                   MODE   CHAN  RATE        SIGNAL  BARS  SECURITY
*       06:F4:6D:F6:7D:A4  motorola edge 30_6251  Infra  1     130 Mbit/s  65      ▂▄▆_  WPA2 WPA3
Connected to: motorola edge 30_6251
Connected already
-----------------------------
[2025-07-07 19:34:01]
Scanning for WiFi
IN-USE  BSSID              SSID                   MODE   CHAN  RATE        SIGNAL  BARS  SECURITY
*       06:F4:6D:F6:7D:A4  motorola edge 30_6251  Infra  1     130 Mbit/s  67      ▂▄▆_  WPA2 WPA3
Connected to: motorola edge 30_6251
Connected already
-----------------------------
[2025-07-07 19:35:01]
Scanning for WiFi
IN-USE  BSSID              SSID                   MODE   CHAN  RATE        SIGNAL  BARS  SECURITY
*       06:F4:6D:F6:7D:A4  motorola edge 30_6251  Infra  1     130 Mbit/s  65      ▂▄▆_  WPA2 WPA3
Connected to: motorola edge 30_6251
Connected already
-----------------------------
[2025-07-07 19:36:01]
Scanning for WiFi
IN-USE  BSSID              SSID                   MODE   CHAN  RATE        SIGNAL  BARS  SECURITY
*       06:F4:6D:F6:7D:A4  motorola edge 30_6251  Infra  1     130 Mbit/s  65      ▂▄▆_  WPA2 WPA3
Connected to: motorola edge 30_6251
Connected already
-----------------------------
[2025-07-07 19:37:01]
Scanning for WiFi
IN-USE  BSSID              SSID                   MODE   CHAN  RATE        SIGNAL  BARS  SECURITY
*       06:F4:6D:F6:7D:A4  motorola edge 30_6251  Infra  1     130 Mbit/s  65      ▂▄▆_  WPA2 WPA3
Connected to: motorola edge 30_6251
Connected already
-----------------------------
[2025-07-07 19:17:09]
Scanning for WiFi
Error: NetworkManager is not running.
Connected to: Error: NetworkManager is not running.
None
Not connected to motorola edge 30_6251. Trying to connect...
Failed to connect to motorola edge 30_6251.
-----------------------------
[2025-07-07 19:18:01]
Scanning for WiFi
IN-USE  BSSID              SSID                   MODE   CHAN  RATE        SIGNAL  BARS  SECURITY
*       06:F4:6D:F6:7D:A4  motorola edge 30_6251  Infra  1     130 Mbit/s  38      ▂▄__  WPA2 WPA3
Connected to: motorola edge 30_6251
Connected already
-----------------------------
[2025-07-07 19:19:01]
Scanning for WiFi
IN-USE  BSSID              SSID                   MODE   CHAN  RATE        SIGNAL  BARS  SECURITY
*       06:F4:6D:F6:7D:A4  motorola edge 30_6251  Infra  1     130 Mbit/s  39      ▂▄__  WPA2 WPA3
Connected to: motorola edge 30_6251
Connected already
-----------------------------
[2025-07-07 19:20:02]
Scanning for WiFi
IN-USE  BSSID              SSID                   MODE   CHAN  RATE        SIGNAL  BARS  SECURITY
*       06:F4:6D:F6:7D:A4  motorola edge 30_6251  Infra  1     130 Mbit/s  41      ▂▄__  WPA2 WPA3
Connected to: motorola edge 30_6251
Connected already
-----------------------------
[2025-07-07 19:21:01]
Scanning for WiFi
IN-USE  BSSID              SSID                   MODE   CHAN  RATE        SIGNAL  BARS  SECURITY
*       06:F4:6D:F6:7D:A4  motorola edge 30_6251  Infra  1     130 Mbit/s  39      ▂▄__  WPA2 WPA3
Connected to: motorola edge 30_6251
Connected already
-----------------------------
[2025-07-07 19:22:01]
Scanning for WiFi
IN-USE  BSSID              SSID                   MODE   CHAN  RATE        SIGNAL  BARS  SECURITY
*       06:F4:6D:F6:7D:A4  motorola edge 30_6251  Infra  1     130 Mbit/s  39      ▂▄__  WPA2 WPA3
Connected to: motorola edge 30_6251
Connected already
-----------------------------
[2025-07-07 19:23:01]
Scanning for WiFi
IN-USE  BSSID              SSID                   MODE   CHAN  RATE        SIGNAL  BARS  SECURITY
*       06:F4:6D:F6:7D:A4  motorola edge 30_6251  Infra  1     130 Mbit/s  35      ▂▄__  WPA2 WPA3
Connected to: motorola edge 30_6251
Connected already
-----------------------------
[2025-07-07 19:31:01]
Scanning for WiFi
IN-USE  BSSID              SSID                   MODE   CHAN  RATE        SIGNAL  BARS  SECURITY  
*       06:F4:6D:F6:7D:A4  motorola edge 30_6251  Infra  1     130 Mbit/s  42      ▂▄__  WPA2 WPA3 
Connected to: motorola edge 30_6251
Connected already
-----------------------------
[2025-07-07 19:32:01]
Scanning for WiFi
IN-USE  BSSID              SSID                   MODE   CHAN  RATE        SIGNAL  BARS  SECURITY  
*       06:F4:6D:F6:7D:A4  motorola edge 30_6251  Infra  1     130 Mbit/s  43      ▂▄__  WPA2 WPA3 
Connected to: motorola edge 30_6251
Connected already
-----------------------------
[2025-07-07 19:33:01]
Scanning for WiFi
IN-USE  BSSID              SSID                   MODE   CHAN  RATE        SIGNAL  BARS  SECURITY  
*       06:F4:6D:F6:7D:A4  motorola edge 30_6251  Infra  1     130 Mbit/s  44      ▂▄__  WPA2 WPA3 
Connected to: motorola edge 30_6251
Connected already
-----------------------------
[2025-07-07 19:34:01]
Scanning for WiFi
IN-USE  BSSID              SSID                   MODE   CHAN  RATE        SIGNAL  BARS  SECURITY  
*       06:F4:6D:F6:7D:A4  motorola edge 30_6251  Infra  1     130 Mbit/s  46      ▂▄__  WPA2 WPA3 
Connected to: motorola edge 30_6251
Connected already
-----------------------------
[2025-07-07 19:35:01]
Scanning for WiFi
IN-USE  BSSID              SSID                   MODE   CHAN  RATE        SIGNAL  BARS  SECURITY  
*       06:F4:6D:F6:7D:A4  motorola edge 30_6251  Infra  1     130 Mbit/s  43      ▂▄__  WPA2 WPA3 
Connected to: motorola edge 30_6251
Connected already
-----------------------------
[2025-07-07 19:36:01]
Scanning for WiFi
IN-USE  BSSID              SSID                   MODE   CHAN  RATE        SIGNAL  BARS  SECURITY  
*       06:F4:6D:F6:7D:A4  motorola edge 30_6251  Infra  1     130 Mbit/s  43      ▂▄__  WPA2 WPA3 
Connected to: motorola edge 30_6251
Connected already
-----------------------------
[2025-07-07 19:37:01]
Scanning for WiFi
IN-USE  BSSID              SSID                   MODE   CHAN  RATE        SIGNAL  BARS  SECURITY  
*       06:F4:6D:F6:7D:A4  motorola edge 30_6251  Infra  1     130 Mbit/s  39      ▂▄__  WPA2 WPA3 
Connected to: motorola edge 30_6251
Connected already
-----------------------------
[2025-07-07 19:38:01]
Scanning for WiFi
IN-USE  BSSID              SSID                   MODE   CHAN  RATE        SIGNAL  BARS  SECURITY  
*       06:F4:6D:F6:7D:A4  motorola edge 30_6251  Infra  1     130 Mbit/s  39      ▂▄__  WPA2 WPA3 
Connected to: motorola edge 30_6251
Connected already
-----------------------------
[2025-07-07 19:39:01]
Scanning for WiFi
IN-USE  BSSID              SSID                   MODE   CHAN  RATE        SIGNAL  BARS  SECURITY  
*       06:F4:6D:F6:7D:A4  motorola edge 30_6251  Infra  1     130 Mbit/s  40      ▂▄__  WPA2 WPA3 
Connected to: motorola edge 30_6251
Connected already
-----------------------------
[2025-07-07 19:40:01]
Scanning for WiFi
IN-USE  BSSID              SSID                   MODE   CHAN  RATE        SIGNAL  BARS  SECURITY  
*       06:F4:6D:F6:7D:A4  motorola edge 30_6251  Infra  1     130 Mbit/s  40      ▂▄__  WPA2 WPA3 
Connected to: motorola edge 30_6251
Connected already
-----------------------------
[2025-07-07 19:44:01]
Scanning for WiFi
IN-USE  BSSID              SSID                   MODE   CHAN  RATE        SIGNAL  BARS  SECURITY  
*       06:F4:6D:F6:7D:A4  motorola edge 30_6251  Infra  1     130 Mbit/s  34      ▂▄__  WPA2 WPA3 
Connected to: motorola edge 30_6251
Connected already
-----------------------------
[2025-07-07 19:45:01]
Scanning for WiFi
IN-USE  BSSID              SSID                   MODE   CHAN  RATE        SIGNAL  BARS  SECURITY  
*       06:F4:6D:F6:7D:A4  motorola edge 30_6251  Infra  1     130 Mbit/s  35      ▂▄__  WPA2 WPA3 
Connected to: motorola edge 30_6251
Connected already
-----------------------------
[2025-07-07 19:46:01]
Scanning for WiFi
IN-USE  BSSID              SSID                   MODE   CHAN  RATE        SIGNAL  BARS  SECURITY  
*       06:F4:6D:F6:7D:A4  motorola edge 30_6251  Infra  1     130 Mbit/s  42      ▂▄__  WPA2 WPA3 
Connected to: motorola edge 30_6251
Connected already
-----------------------------
[2025-07-07 19:47:01]
Scanning for WiFi
IN-USE  BSSID              SSID                   MODE   CHAN  RATE        SIGNAL  BARS  SECURITY  
*       06:F4:6D:F6:7D:A4  motorola edge 30_6251  Infra  1     130 Mbit/s  37      ▂▄__  WPA2 WPA3 
Connected to: motorola edge 30_6251
Connected already
-----------------------------
[2025-07-07 19:48:01]
Scanning for WiFi
IN-USE  BSSID              SSID                   MODE   CHAN  RATE        SIGNAL  BARS  SECURITY  
*       06:F4:6D:F6:7D:A4  motorola edge 30_6251  Infra  1     130 Mbit/s  35      ▂▄__  WPA2 WPA3 
Connected to: motorola edge 30_6251
Connected already
-----------------------------
[2025-07-07 19:49:01]
Scanning for WiFi
IN-USE  BSSID              SSID                   MODE   CHAN  RATE        SIGNAL  BARS  SECURITY  
*       06:F4:6D:F6:7D:A4  motorola edge 30_6251  Infra  1     130 Mbit/s  30      ▂___  WPA2 WPA3 
Connected to: motorola edge 30_6251
Connected already
-----------------------------
[2025-07-07 19:50:01]
Scanning for WiFi
IN-USE  BSSID              SSID                   MODE   CHAN  RATE        SIGNAL  BARS  SECURITY  
*       06:F4:6D:F6:7D:A4  motorola edge 30_6251  Infra  1     130 Mbit/s  37      ▂▄__  WPA2 WPA3 
Connected to: motorola edge 30_6251
Connected already
-----------------------------
[2025-07-07 19:51:01]
Scanning for WiFi
IN-USE  BSSID              SSID                   MODE   CHAN  RATE        SIGNAL  BARS  SECURITY  
*       06:F4:6D:F6:7D:A4  motorola edge 30_6251  Infra  1     130 Mbit/s  35      ▂▄__  WPA2 WPA3 
Connected to: motorola edge 30_6251
Connected already
-----------------------------
